#
# There is insufficient memory for the Java Runtime Environment to continue.
# Native memory allocation (malloc) failed to allocate 374816 bytes. Error detail: Chunk::new
# Possible reasons:
#   The system is out of physical RAM or swap space
#   This process is running with CompressedOops enabled, and the Java Heap may be blocking the growth of the native heap
# Possible solutions:
#   Reduce memory load on the system
#   Increase physical memory or swap space
#   Check if swap backing store is full
#   Decrease Java heap size (-Xmx/-Xms)
#   Decrease number of Java threads
#   Decrease Java thread stack sizes (-Xss)
#   Set larger code cache with -XX:ReservedCodeCacheSize=
#   JVM is running with Unscaled Compressed Oops mode in which the Java heap is
#     placed in the first 4GB address space. The Java Heap base address is the
#     maximum limit for the native heap growth. Please use -XX:HeapBaseMinAddress
#     to set the Java Heap base and to place the Java Heap above 4GB virtual address.
# This output file may be truncated or incomplete.
#
#  Out of Memory Error (arena.cpp:191), pid=17148, tid=26896
#
# JRE version: OpenJDK Runtime Environment Temurin-17.0.11+9 (17.0.11+9) (build 17.0.11+9)
# Java VM: OpenJDK 64-Bit Server VM Temurin-17.0.11+9 (17.0.11+9, mixed mode, tiered, compressed oops, compressed class ptrs, parallel gc, windows-amd64)
# No core dump will be written. Minidumps are not enabled by default on client versions of Windows
#

---------------  S U M M A R Y ------------

Command Line: --add-modules=ALL-SYSTEM --add-opens=java.base/java.util=ALL-UNNAMED --add-opens=java.base/java.lang=ALL-UNNAMED --add-opens=java.base/sun.nio.fs=ALL-UNNAMED -Declipse.application=org.eclipse.jdt.ls.core.id1 -Dosgi.bundles.defaultStartLevel=4 -Declipse.product=org.eclipse.jdt.ls.core.product -Djava.import.generatesMetadataFilesAtProjectRoot=false -DDetectVMInstallationsJob.disabled=true -Dfile.encoding=utf8 -XX:+UseParallelGC -XX:GCTimeRatio=4 -XX:AdaptiveSizePolicyWeight=90 -Dsun.zip.disableMemoryMapping=true -Xmx1G -Xms100m -Xlog:disable -javaagent:c:\Users\ramya\.vscode\extensions\redhat.java-1.31.0-win32-x64\lombok\lombok-1.18.32.jar -XX:+HeapDumpOnOutOfMemoryError -XX:HeapDumpPath=c:\Users\ramya\AppData\Roaming\Code\User\workspaceStorage\d69ff1f3eae8de7d1bd6c021bf2ded70\redhat.java -Daether.dependencyCollector.impl=bf c:\Users\ramya\.vscode\extensions\redhat.java-1.31.0-win32-x64\server\plugins\org.eclipse.equinox.launcher_1.6.800.v20240513-1750.jar -configuration c:\Users\ramya\AppData\Roaming\Code\User\globalStorage\redhat.java\1.31.0\config_win -data c:\Users\ramya\AppData\Roaming\Code\User\workspaceStorage\d69ff1f3eae8de7d1bd6c021bf2ded70\redhat.java\jdt_ws --pipe=\\.\pipe\lsp-5fd09889b70fc4b3f8651f3a6ea7a1b9-sock

Host: Intel(R) Core(TM) i5-8300H CPU @ 2.30GHz, 8 cores, 7G,  Windows 11 , 64 bit Build 22621 (10.0.22621.3672)
Time: Wed Jun 26 02:01:30 2024 India Standard Time elapsed time: 45.030835 seconds (0d 0h 0m 45s)

---------------  T H R E A D  ---------------

Current thread (0x0000011a7c7dca10):  JavaThread "C2 CompilerThread0" daemon [_thread_in_native, id=26896, stack(0x00000006be700000,0x00000006be800000)]


Current CompileTask:
C2:  45030 12526   !   4       java.util.jar.Attributes::read (498 bytes)

Stack: [0x00000006be700000,0x00000006be800000]
Native frames: (J=compiled Java code, j=interpreted, Vv=VM code, C=native code)
V  [jvm.dll+0x67d429]
V  [jvm.dll+0x834b7a]
V  [jvm.dll+0x83663e]
V  [jvm.dll+0x836ca3]
V  [jvm.dll+0x247dbf]
V  [jvm.dll+0xac534]
V  [jvm.dll+0xacb7c]
V  [jvm.dll+0x2af2cf]
V  [jvm.dll+0x5848b7]
V  [jvm.dll+0x222d82]
V  [jvm.dll+0x21c090]
V  [jvm.dll+0x2197a1]
V  [jvm.dll+0x1a534d]
V  [jvm.dll+0x2295cd]
V  [jvm.dll+0x22779c]
V  [jvm.dll+0x7e9d07]
V  [jvm.dll+0x7e410a]
V  [jvm.dll+0x67c315]
C  [ucrtbase.dll+0x29333]
C  [KERNEL32.DLL+0x1257d]
C  [ntdll.dll+0x5af28]


---------------  P R O C E S S  ---------------

Threads class SMR info:
_java_thread_list=0x0000011a10de4f60, length=42, elements={
0x0000011a72836b80, 0x0000011a776b4020, 0x0000011a776b5450, 0x0000011a776bbfb0,
0x0000011a776bcc40, 0x0000011a776bd9d0, 0x0000011a776be4a0, 0x0000011a7c7dca10,
0x0000011a7c7de260, 0x0000011a7c7df350, 0x0000011a7289c550, 0x0000011a7cb6eaf0,
0x0000011a7df26e40, 0x0000011a7df27350, 0x0000011a7df26420, 0x0000011a7df26930,
0x0000011a7ec5fc00, 0x0000011a7ec64d00, 0x0000011a7ec60110, 0x0000011a7ec61040,
0x0000011a7ec5f1e0, 0x0000011a7ec642e0, 0x0000011a7ec5f6f0, 0x0000011a7ec647f0,
0x0000011a7ec65720, 0x0000011a7ec633b0, 0x0000011a7ec65210, 0x0000011a7ec60b30,
0x0000011a7ec62480, 0x0000011a7ec61a60, 0x0000011a7ec65c30, 0x0000011a7ec638c0,
0x0000011a7ec61550, 0x0000011a7ec61f70, 0x0000011a7ec63dd0, 0x0000011a7ec62ea0,
0x0000011a7ec5ecd0, 0x0000011a7df27860, 0x0000011a7df25f10, 0x0000011a1095e0a0,
0x0000011a1095ff00, 0x0000011a109594b0
}

Java Threads: ( => current thread )
  0x0000011a72836b80 JavaThread "main" [_thread_blocked, id=26716, stack(0x00000006bde00000,0x00000006bdf00000)]
  0x0000011a776b4020 JavaThread "Reference Handler" daemon [_thread_blocked, id=22944, stack(0x00000006be100000,0x00000006be200000)]
  0x0000011a776b5450 JavaThread "Finalizer" daemon [_thread_blocked, id=4304, stack(0x00000006be200000,0x00000006be300000)]
  0x0000011a776bbfb0 JavaThread "Signal Dispatcher" daemon [_thread_blocked, id=26780, stack(0x00000006be300000,0x00000006be400000)]
  0x0000011a776bcc40 JavaThread "Attach Listener" daemon [_thread_blocked, id=28128, stack(0x00000006be400000,0x00000006be500000)]
  0x0000011a776bd9d0 JavaThread "Service Thread" daemon [_thread_blocked, id=6668, stack(0x00000006be500000,0x00000006be600000)]
  0x0000011a776be4a0 JavaThread "Monitor Deflation Thread" daemon [_thread_blocked, id=26176, stack(0x00000006be600000,0x00000006be700000)]
=>0x0000011a7c7dca10 JavaThread "C2 CompilerThread0" daemon [_thread_in_native, id=26896, stack(0x00000006be700000,0x00000006be800000)]
  0x0000011a7c7de260 JavaThread "C1 CompilerThread0" daemon [_thread_in_native, id=26728, stack(0x00000006be800000,0x00000006be900000)]
  0x0000011a7c7df350 JavaThread "Sweeper thread" daemon [_thread_blocked, id=7384, stack(0x00000006be900000,0x00000006bea00000)]
  0x0000011a7289c550 JavaThread "Common-Cleaner" daemon [_thread_blocked, id=28444, stack(0x00000006bea00000,0x00000006beb00000)]
  0x0000011a7cb6eaf0 JavaThread "Notification Thread" daemon [_thread_blocked, id=27812, stack(0x00000006bec00000,0x00000006bed00000)]
  0x0000011a7df26e40 JavaThread "Active Thread: Equinox Container: b5fb4fb5-2cb2-4966-9056-1f417c35ed77" [_thread_blocked, id=13328, stack(0x00000006bfa00000,0x00000006bfb00000)]
  0x0000011a7df27350 JavaThread "Framework Event Dispatcher: Equinox Container: b5fb4fb5-2cb2-4966-9056-1f417c35ed77" daemon [_thread_blocked, id=11444, stack(0x00000006beb00000,0x00000006bec00000)]
  0x0000011a7df26420 JavaThread "Start Level: Equinox Container: b5fb4fb5-2cb2-4966-9056-1f417c35ed77" daemon [_thread_blocked, id=27872, stack(0x00000006bfb00000,0x00000006bfc00000)]
  0x0000011a7df26930 JavaThread "Refresh Thread: Equinox Container: b5fb4fb5-2cb2-4966-9056-1f417c35ed77" daemon [_thread_blocked, id=27328, stack(0x00000006bfd00000,0x00000006bfe00000)]
  0x0000011a7ec5fc00 JavaThread "Bundle File Closer" daemon [_thread_blocked, id=28668, stack(0x00000006c0000000,0x00000006c0100000)]
  0x0000011a7ec64d00 JavaThread "SCR Component Actor" daemon [_thread_blocked, id=3916, stack(0x00000006c0200000,0x00000006c0300000)]
  0x0000011a7ec60110 JavaThread "Worker-JM" [_thread_blocked, id=26932, stack(0x00000006c0400000,0x00000006c0500000)]
  0x0000011a7ec61040 JavaThread "Worker-0: Refreshing workspace" [_thread_blocked, id=28376, stack(0x00000006c0500000,0x00000006c0600000)]
  0x0000011a7ec5f1e0 JavaThread "Worker-1: Initialize workspace" [_thread_in_Java, id=28440, stack(0x00000006c0600000,0x00000006c0700000)]
  0x0000011a7ec642e0 JavaThread "Java indexing" daemon [_thread_in_Java, id=28096, stack(0x00000006c0700000,0x00000006c0800000)]
  0x0000011a7ec5f6f0 JavaThread "Worker-2" [_thread_blocked, id=26644, stack(0x00000006c0800000,0x00000006c0900000)]
  0x0000011a7ec647f0 JavaThread "Worker-3" [_thread_blocked, id=26832, stack(0x00000006c0900000,0x00000006c0a00000)]
  0x0000011a7ec65720 JavaThread "JNA Cleaner" daemon [_thread_blocked, id=27268, stack(0x00000006c0a00000,0x00000006c0b00000)]
  0x0000011a7ec633b0 JavaThread "Thread-2" daemon [_thread_in_native, id=22496, stack(0x00000006c0b00000,0x00000006c0c00000)]
  0x0000011a7ec65210 JavaThread "Thread-3" daemon [_thread_in_native, id=11148, stack(0x00000006c0c00000,0x00000006c0d00000)]
  0x0000011a7ec60b30 JavaThread "Thread-4" daemon [_thread_in_native, id=18764, stack(0x00000006c0d00000,0x00000006c0e00000)]
  0x0000011a7ec62480 JavaThread "Thread-5" daemon [_thread_in_native, id=26476, stack(0x00000006c0e00000,0x00000006c0f00000)]
  0x0000011a7ec61a60 JavaThread "Thread-6" daemon [_thread_in_native, id=16344, stack(0x00000006c0f00000,0x00000006c1000000)]
  0x0000011a7ec65c30 JavaThread "Thread-7" daemon [_thread_in_native, id=15660, stack(0x00000006c1000000,0x00000006c1100000)]
  0x0000011a7ec638c0 JavaThread "Thread-8" daemon [_thread_in_native, id=7444, stack(0x00000006c1100000,0x00000006c1200000)]
  0x0000011a7ec61550 JavaThread "Thread-9" daemon [_thread_in_native, id=22960, stack(0x00000006c1200000,0x00000006c1300000)]
  0x0000011a7ec61f70 JavaThread "Thread-10" daemon [_thread_in_native, id=11744, stack(0x00000006c1300000,0x00000006c1400000)]
  0x0000011a7ec63dd0 JavaThread "pool-2-thread-1" [_thread_blocked, id=24176, stack(0x00000006c1400000,0x00000006c1500000)]
  0x0000011a7ec62ea0 JavaThread "WorkspaceEventsHandler" [_thread_blocked, id=13936, stack(0x00000006c1500000,0x00000006c1600000)]
  0x0000011a7ec5ecd0 JavaThread "pool-1-thread-1" [_thread_blocked, id=24780, stack(0x00000006c1600000,0x00000006c1700000)]
  0x0000011a7df27860 JavaThread "Worker-4: Java indexing... " [_thread_blocked, id=11256, stack(0x00000006bf400000,0x00000006bf500000)]
  0x0000011a7df25f10 JavaThread "Worker-5" [_thread_blocked, id=15532, stack(0x00000006bf500000,0x00000006bf600000)]
  0x0000011a1095e0a0 JavaThread "ForkJoinPool.commonPool-worker-1" daemon [_thread_in_vm, id=25184, stack(0x00000006bfe00000,0x00000006bff00000)]
  0x0000011a1095ff00 JavaThread "SCR Component Registry" daemon [_thread_blocked, id=22232, stack(0x00000006bf900000,0x00000006bfa00000)]
  0x0000011a109594b0 JavaThread "ForkJoinPool.commonPool-worker-2" daemon [_thread_blocked, id=27264, stack(0x00000006bff00000,0x00000006c0000000)]

Other Threads:
  0x0000011a7c7b2930 VMThread "VM Thread" [stack: 0x00000006be000000,0x00000006be100000] [id=18328]
  0x0000011a7cb4c390 WatcherThread [stack: 0x00000006bed00000,0x00000006bee00000] [id=5220]
  0x0000011a7284b530 GCTaskThread "GC Thread#0" [stack: 0x00000006bdf00000,0x00000006be000000] [id=26808]
  0x0000011a7e4f1a90 GCTaskThread "GC Thread#1" [stack: 0x00000006bee00000,0x00000006bef00000] [id=21276]
  0x0000011a7dcbc840 GCTaskThread "GC Thread#2" [stack: 0x00000006bef00000,0x00000006bf000000] [id=12128]
  0x0000011a7dbc4f20 GCTaskThread "GC Thread#3" [stack: 0x00000006bf000000,0x00000006bf100000] [id=28252]
  0x0000011a7e3dc800 GCTaskThread "GC Thread#4" [stack: 0x00000006bf100000,0x00000006bf200000] [id=8136]
  0x0000011a7dfdda10 GCTaskThread "GC Thread#5" [stack: 0x00000006bf200000,0x00000006bf300000] [id=13720]
  0x0000011a7dfddcd0 GCTaskThread "GC Thread#6" [stack: 0x00000006bf300000,0x00000006bf400000] [id=28508]
  0x0000011a7e3b4b70 GCTaskThread "GC Thread#7" [stack: 0x00000006bfc00000,0x00000006bfd00000] [id=27912]

Threads with active compile tasks:
C2 CompilerThread0    45099 12526   !   4       java.util.jar.Attributes::read (498 bytes)

VM state: not at safepoint (normal execution)

VM Mutex/Monitor currently owned by a thread: None

Heap address: 0x00000000c0000000, size: 1024 MB, Compressed Oops mode: 32-bit

CDS archive(s) not mapped
Compressed class space mapped at: 0x0000000100000000-0x0000000140000000, reserved size: 1073741824
Narrow klass base: 0x0000000000000000, Narrow klass shift: 3, Narrow klass range: 0x140000000

GC Precious Log:
 CPUs: 8 total, 8 available
 Memory: 8000M
 Large Page Support: Disabled
 NUMA Support: Disabled
 Compressed Oops: Enabled (32-bit)
 Alignments: Space 512K, Generation 512K, Heap 2M
 Heap Min Capacity: 100M
 Heap Initial Capacity: 100M
 Heap Max Capacity: 1G
 Pre-touch: Disabled
 Parallel Workers: 8

Heap:
 PSYoungGen      total 19456K, used 5915K [0x00000000eab00000, 0x00000000ec300000, 0x0000000100000000)
  eden space 16896K, 19% used [0x00000000eab00000,0x00000000eae4b5d0,0x00000000ebb80000)
  from space 2560K, 99% used [0x00000000ec080000,0x00000000ec2fb858,0x00000000ec300000)
  to   space 3584K, 0% used [0x00000000ebc00000,0x00000000ebc00000,0x00000000ebf80000)
 ParOldGen       total 246784K, used 204807K [0x00000000c0000000, 0x00000000cf100000, 0x00000000eab00000)
  object space 246784K, 82% used [0x00000000c0000000,0x00000000cc801ef8,0x00000000cf100000)
 Metaspace       used 70002K, committed 71360K, reserved 1114112K
  class space    used 7511K, committed 8128K, reserved 1048576K

Card table byte_map: [0x0000011a721e0000,0x0000011a723f0000] _byte_map_base: 0x0000011a71be0000

Marking Bits: (ParMarkBitMap*) 0x00007ffad108d820
 Begin Bits: [0x0000011a754c0000, 0x0000011a764c0000)
 End Bits:   [0x0000011a764c0000, 0x0000011a774c0000)

Polling page: 0x0000011a709b0000

Metaspace:

Usage:
  Non-class:     61.03 MB used.
      Class:      7.34 MB used.
       Both:     68.36 MB used.

Virtual space:
  Non-class space:       64.00 MB reserved,      61.75 MB ( 96%) committed,  1 nodes.
      Class space:        1.00 GB reserved,       7.94 MB ( <1%) committed,  1 nodes.
             Both:        1.06 GB reserved,      69.69 MB (  6%) committed. 

Chunk freelists:
   Non-Class:  1.98 MB
       Class:  8.02 MB
        Both:  10.00 MB

MaxMetaspaceSize: unlimited
CompressedClassSpaceSize: 1.00 GB
Initial GC threshold: 21.00 MB
Current GC threshold: 116.06 MB
CDS: off
MetaspaceReclaimPolicy: balanced
 - commit_granule_bytes: 65536.
 - commit_granule_words: 8192.
 - virtual_space_node_default_size: 8388608.
 - enlarge_chunks_in_place: 1.
 - new_chunks_are_fully_committed: 0.
 - uncommit_free_chunks: 1.
 - use_allocation_guard: 0.
 - handle_deallocations: 1.


Internal statistics:

num_allocs_failed_limit: 9.
num_arena_births: 866.
num_arena_deaths: 32.
num_vsnodes_births: 2.
num_vsnodes_deaths: 0.
num_space_committed: 1115.
num_space_uncommitted: 0.
num_chunks_returned_to_freelist: 46.
num_chunks_taken_from_freelist: 3603.
num_chunk_merges: 18.
num_chunk_splits: 2218.
num_chunks_enlarged: 1303.
num_inconsistent_stats: 0.

CodeHeap 'non-profiled nmethods': size=120000Kb used=5989Kb max_used=6396Kb free=114010Kb
 bounds [0x0000011a07ad0000, 0x0000011a08120000, 0x0000011a0f000000]
CodeHeap 'profiled nmethods': size=120000Kb used=20987Kb max_used=23490Kb free=99012Kb
 bounds [0x0000011a00000000, 0x0000011a01700000, 0x0000011a07530000]
CodeHeap 'non-nmethods': size=5760Kb used=1384Kb max_used=1466Kb free=4375Kb
 bounds [0x0000011a07530000, 0x0000011a077a0000, 0x0000011a07ad0000]
 total_blobs=10850 nmethods=10122 adapters=642
 compilation: enabled
              stopped_count=0, restarted_count=0
 full_count=0

Compilation events (20 events):
Event: 44.002 Thread 0x0000011a7c7de260 12534  s    1       org.eclipse.core.internal.jobs.ThreadJob::isRunning (5 bytes)
Event: 44.002 Thread 0x0000011a7c7de260 nmethod 12534 0x0000011a07be5b10 code [0x0000011a07be5ca0, 0x0000011a07be5e18]
Event: 44.297 Thread 0x0000011a7c7de260 12535       2       org.eclipse.core.internal.localstore.UnifiedTree::setLevel (30 bytes)
Event: 44.298 Thread 0x0000011a7c7de260 nmethod 12535 0x0000011a00396390 code [0x0000011a00396540, 0x0000011a003966b8]
Event: 44.341 Thread 0x0000011a7c7de260 12536 %     3       com.google.gson.stream.JsonWriter::string @ 37 (169 bytes)
Event: 44.343 Thread 0x0000011a7c7de260 nmethod 12536% 0x0000011a012e9490 code [0x0000011a012e9740, 0x0000011a012ea748]
Event: 44.343 Thread 0x0000011a7c7de260 12537   !   2       java.nio.DirectByteBuffer::<init> (171 bytes)
Event: 44.344 Thread 0x0000011a7c7de260 nmethod 12537 0x0000011a006edc90 code [0x0000011a006edec0, 0x0000011a006ee658]
Event: 44.386 Thread 0x0000011a7c7de260 12539       2       java.lang.Class::annotationData (44 bytes)
Event: 44.387 Thread 0x0000011a7c7de260 nmethod 12539 0x0000011a00360890 code [0x0000011a00360a40, 0x0000011a00360c58]
Event: 44.554 Thread 0x0000011a7c7de260 12541       2       sun.nio.ch.Invoker$GroupAndInvokeCount::resetInvokeCount (6 bytes)
Event: 44.554 Thread 0x0000011a7c7de260 nmethod 12541 0x0000011a0053a710 code [0x0000011a0053a8a0, 0x0000011a0053a9b8]
Event: 44.687 Thread 0x0000011a7c7de260 12542       2       sun.invoke.util.VerifyAccess$1::<init> (15 bytes)
Event: 44.687 Thread 0x0000011a7c7de260 nmethod 12542 0x0000011a005ef390 code [0x0000011a005ef520, 0x0000011a005ef658]
Event: 44.687 Thread 0x0000011a7c7de260 12543       2       sun.invoke.util.VerifyAccess$1::run (5 bytes)
Event: 44.687 Thread 0x0000011a7c7de260 nmethod 12543 0x0000011a0046fa10 code [0x0000011a0046fbc0, 0x0000011a0046fd48]
Event: 44.846 Thread 0x0000011a7c7dca10 nmethod 12284 0x0000011a0810f210 code [0x0000011a0810fcc0, 0x0000011a08118ee0]
Event: 44.850 Thread 0x0000011a7c7dca10 12436       4       java.io.DataOutputStream::writeUTF (411 bytes)
Event: 44.878 Thread 0x0000011a7c7dca10 nmethod 12436 0x0000011a07ccac90 code [0x0000011a07ccae80, 0x0000011a07ccbe08]
Event: 44.878 Thread 0x0000011a7c7dca10 12526   !   4       java.util.jar.Attributes::read (498 bytes)

GC Heap History (20 events):
Event: 43.456 GC heap before
{Heap before GC invocations=234 (full 9):
 PSYoungGen      total 14336K, used 14038K [0x00000000eab00000, 0x00000000ebd80000, 0x0000000100000000)
  eden space 10752K, 100% used [0x00000000eab00000,0x00000000eb580000,0x00000000eb580000)
  from space 3584K, 91% used [0x00000000eba00000,0x00000000ebd35a98,0x00000000ebd80000)
  to   space 4096K, 0% used [0x00000000eb580000,0x00000000eb580000,0x00000000eb980000)
 ParOldGen       total 209408K, used 192339K [0x00000000c0000000, 0x00000000ccc80000, 0x00000000eab00000)
  object space 209408K, 91% used [0x00000000c0000000,0x00000000cbbd4d68,0x00000000ccc80000)
 Metaspace       used 68878K, committed 70144K, reserved 1114112K
  class space    used 7377K, committed 7936K, reserved 1048576K
}
Event: 43.460 GC heap after
{Heap after GC invocations=234 (full 9):
 PSYoungGen      total 14848K, used 4082K [0x00000000eab00000, 0x00000000ec280000, 0x0000000100000000)
  eden space 10752K, 0% used [0x00000000eab00000,0x00000000eab00000,0x00000000eb580000)
  from space 4096K, 99% used [0x00000000eb580000,0x00000000eb97cb28,0x00000000eb980000)
  to   space 6144K, 0% used [0x00000000ebc80000,0x00000000ebc80000,0x00000000ec280000)
 ParOldGen       total 209408K, used 193648K [0x00000000c0000000, 0x00000000ccc80000, 0x00000000eab00000)
  object space 209408K, 92% used [0x00000000c0000000,0x00000000cbd1c058,0x00000000ccc80000)
 Metaspace       used 68878K, committed 70144K, reserved 1114112K
  class space    used 7377K, committed 7936K, reserved 1048576K
}
Event: 43.509 GC heap before
{Heap before GC invocations=235 (full 9):
 PSYoungGen      total 14848K, used 14834K [0x00000000eab00000, 0x00000000ec280000, 0x0000000100000000)
  eden space 10752K, 100% used [0x00000000eab00000,0x00000000eb580000,0x00000000eb580000)
  from space 4096K, 99% used [0x00000000eb580000,0x00000000eb97cb28,0x00000000eb980000)
  to   space 6144K, 0% used [0x00000000ebc80000,0x00000000ebc80000,0x00000000ec280000)
 ParOldGen       total 209408K, used 193648K [0x00000000c0000000, 0x00000000ccc80000, 0x00000000eab00000)
  object space 209408K, 92% used [0x00000000c0000000,0x00000000cbd1c058,0x00000000ccc80000)
 Metaspace       used 68887K, committed 70144K, reserved 1114112K
  class space    used 7378K, committed 7936K, reserved 1048576K
}
Event: 43.514 GC heap after
{Heap after GC invocations=235 (full 9):
 PSYoungGen      total 15872K, used 4075K [0x00000000eab00000, 0x00000000ec080000, 0x0000000100000000)
  eden space 11776K, 0% used [0x00000000eab00000,0x00000000eab00000,0x00000000eb680000)
  from space 4096K, 99% used [0x00000000ebc80000,0x00000000ec07ad00,0x00000000ec080000)
  to   space 4608K, 0% used [0x00000000eb780000,0x00000000eb780000,0x00000000ebc00000)
 ParOldGen       total 209408K, used 195868K [0x00000000c0000000, 0x00000000ccc80000, 0x00000000eab00000)
  object space 209408K, 93% used [0x00000000c0000000,0x00000000cbf47200,0x00000000ccc80000)
 Metaspace       used 68887K, committed 70144K, reserved 1114112K
  class space    used 7378K, committed 7936K, reserved 1048576K
}
Event: 43.614 GC heap before
{Heap before GC invocations=236 (full 9):
 PSYoungGen      total 15872K, used 15851K [0x00000000eab00000, 0x00000000ec080000, 0x0000000100000000)
  eden space 11776K, 100% used [0x00000000eab00000,0x00000000eb680000,0x00000000eb680000)
  from space 4096K, 99% used [0x00000000ebc80000,0x00000000ec07ad00,0x00000000ec080000)
  to   space 4608K, 0% used [0x00000000eb780000,0x00000000eb780000,0x00000000ebc00000)
 ParOldGen       total 209408K, used 195868K [0x00000000c0000000, 0x00000000ccc80000, 0x00000000eab00000)
  object space 209408K, 93% used [0x00000000c0000000,0x00000000cbf47200,0x00000000ccc80000)
 Metaspace       used 68920K, committed 70144K, reserved 1114112K
  class space    used 7385K, committed 7936K, reserved 1048576K
}
Event: 43.618 GC heap after
{Heap after GC invocations=236 (full 9):
 PSYoungGen      total 16384K, used 4597K [0x00000000eab00000, 0x00000000ec380000, 0x0000000100000000)
  eden space 11776K, 0% used [0x00000000eab00000,0x00000000eab00000,0x00000000eb680000)
  from space 4608K, 99% used [0x00000000eb780000,0x00000000ebbfd448,0x00000000ebc00000)
  to   space 6656K, 0% used [0x00000000ebd00000,0x00000000ebd00000,0x00000000ec380000)
 ParOldGen       total 209408K, used 197359K [0x00000000c0000000, 0x00000000ccc80000, 0x00000000eab00000)
  object space 209408K, 94% used [0x00000000c0000000,0x00000000cc0bbc60,0x00000000ccc80000)
 Metaspace       used 68920K, committed 70144K, reserved 1114112K
  class space    used 7385K, committed 7936K, reserved 1048576K
}
Event: 43.662 GC heap before
{Heap before GC invocations=237 (full 9):
 PSYoungGen      total 16384K, used 16334K [0x00000000eab00000, 0x00000000ec380000, 0x0000000100000000)
  eden space 11776K, 99% used [0x00000000eab00000,0x00000000eb6767b0,0x00000000eb680000)
  from space 4608K, 99% used [0x00000000eb780000,0x00000000ebbfd448,0x00000000ebc00000)
  to   space 6656K, 0% used [0x00000000ebd00000,0x00000000ebd00000,0x00000000ec380000)
 ParOldGen       total 209408K, used 197359K [0x00000000c0000000, 0x00000000ccc80000, 0x00000000eab00000)
  object space 209408K, 94% used [0x00000000c0000000,0x00000000cc0bbc60,0x00000000ccc80000)
 Metaspace       used 68937K, committed 70144K, reserved 1114112K
  class space    used 7386K, committed 7936K, reserved 1048576K
}
Event: 43.669 GC heap after
{Heap after GC invocations=237 (full 9):
 PSYoungGen      total 16384K, used 3524K [0x00000000eab00000, 0x00000000ec080000, 0x0000000100000000)
  eden space 12800K, 0% used [0x00000000eab00000,0x00000000eab00000,0x00000000eb780000)
  from space 3584K, 98% used [0x00000000ebd00000,0x00000000ec071018,0x00000000ec080000)
  to   space 4608K, 0% used [0x00000000eb780000,0x00000000eb780000,0x00000000ebc00000)
 ParOldGen       total 209408K, used 200247K [0x00000000c0000000, 0x00000000ccc80000, 0x00000000eab00000)
  object space 209408K, 95% used [0x00000000c0000000,0x00000000cc38de58,0x00000000ccc80000)
 Metaspace       used 68937K, committed 70144K, reserved 1114112K
  class space    used 7386K, committed 7936K, reserved 1048576K
}
Event: 43.714 GC heap before
{Heap before GC invocations=238 (full 9):
 PSYoungGen      total 16384K, used 16324K [0x00000000eab00000, 0x00000000ec080000, 0x0000000100000000)
  eden space 12800K, 100% used [0x00000000eab00000,0x00000000eb780000,0x00000000eb780000)
  from space 3584K, 98% used [0x00000000ebd00000,0x00000000ec071018,0x00000000ec080000)
  to   space 4608K, 0% used [0x00000000eb780000,0x00000000eb780000,0x00000000ebc00000)
 ParOldGen       total 209408K, used 200247K [0x00000000c0000000, 0x00000000ccc80000, 0x00000000eab00000)
  object space 209408K, 95% used [0x00000000c0000000,0x00000000cc38de58,0x00000000ccc80000)
 Metaspace       used 68953K, committed 70144K, reserved 1114112K
  class space    used 7386K, committed 7936K, reserved 1048576K
}
Event: 43.719 GC heap after
{Heap after GC invocations=238 (full 9):
 PSYoungGen      total 17408K, used 4599K [0x00000000eab00000, 0x00000000ec480000, 0x0000000100000000)
  eden space 12800K, 0% used [0x00000000eab00000,0x00000000eab00000,0x00000000eb780000)
  from space 4608K, 99% used [0x00000000eb780000,0x00000000ebbfdd68,0x00000000ebc00000)
  to   space 6144K, 0% used [0x00000000ebe80000,0x00000000ebe80000,0x00000000ec480000)
 ParOldGen       total 209408K, used 201319K [0x00000000c0000000, 0x00000000ccc80000, 0x00000000eab00000)
  object space 209408K, 96% used [0x00000000c0000000,0x00000000cc499e58,0x00000000ccc80000)
 Metaspace       used 68953K, committed 70144K, reserved 1114112K
  class space    used 7386K, committed 7936K, reserved 1048576K
}
Event: 43.776 GC heap before
{Heap before GC invocations=239 (full 9):
 PSYoungGen      total 17408K, used 17399K [0x00000000eab00000, 0x00000000ec480000, 0x0000000100000000)
  eden space 12800K, 100% used [0x00000000eab00000,0x00000000eb780000,0x00000000eb780000)
  from space 4608K, 99% used [0x00000000eb780000,0x00000000ebbfdd68,0x00000000ebc00000)
  to   space 6144K, 0% used [0x00000000ebe80000,0x00000000ebe80000,0x00000000ec480000)
 ParOldGen       total 209408K, used 201319K [0x00000000c0000000, 0x00000000ccc80000, 0x00000000eab00000)
  object space 209408K, 96% used [0x00000000c0000000,0x00000000cc499e58,0x00000000ccc80000)
 Metaspace       used 68969K, committed 70208K, reserved 1114112K
  class space    used 7386K, committed 7936K, reserved 1048576K
}
Event: 43.781 GC heap after
{Heap after GC invocations=239 (full 9):
 PSYoungGen      total 18944K, used 5088K [0x00000000eab00000, 0x00000000ec380000, 0x0000000100000000)
  eden space 13824K, 0% used [0x00000000eab00000,0x00000000eab00000,0x00000000eb880000)
  from space 5120K, 99% used [0x00000000ebe80000,0x00000000ec378058,0x00000000ec380000)
  to   space 5632K, 0% used [0x00000000eb880000,0x00000000eb880000,0x00000000ebe00000)
 ParOldGen       total 209408K, used 204040K [0x00000000c0000000, 0x00000000ccc80000, 0x00000000eab00000)
  object space 209408K, 97% used [0x00000000c0000000,0x00000000cc7421e8,0x00000000ccc80000)
 Metaspace       used 68969K, committed 70208K, reserved 1114112K
  class space    used 7386K, committed 7936K, reserved 1048576K
}
Event: 43.852 GC heap before
{Heap before GC invocations=240 (full 9):
 PSYoungGen      total 18944K, used 18912K [0x00000000eab00000, 0x00000000ec380000, 0x0000000100000000)
  eden space 13824K, 100% used [0x00000000eab00000,0x00000000eb880000,0x00000000eb880000)
  from space 5120K, 99% used [0x00000000ebe80000,0x00000000ec378058,0x00000000ec380000)
  to   space 5632K, 0% used [0x00000000eb880000,0x00000000eb880000,0x00000000ebe00000)
 ParOldGen       total 209408K, used 204040K [0x00000000c0000000, 0x00000000ccc80000, 0x00000000eab00000)
  object space 209408K, 97% used [0x00000000c0000000,0x00000000cc7421e8,0x00000000ccc80000)
 Metaspace       used 69415K, committed 70784K, reserved 1114112K
  class space    used 7441K, committed 8064K, reserved 1048576K
}
Event: 43.857 GC heap after
{Heap after GC invocations=240 (full 9):
 PSYoungGen      total 19456K, used 5610K [0x00000000eab00000, 0x00000000ec900000, 0x0000000100000000)
  eden space 13824K, 0% used [0x00000000eab00000,0x00000000eab00000,0x00000000eb880000)
  from space 5632K, 99% used [0x00000000eb880000,0x00000000ebdfa988,0x00000000ebe00000)
  to   space 7680K, 0% used [0x00000000ec180000,0x00000000ec180000,0x00000000ec900000)
 ParOldGen       total 209408K, used 205341K [0x00000000c0000000, 0x00000000ccc80000, 0x00000000eab00000)
  object space 209408K, 98% used [0x00000000c0000000,0x00000000cc887710,0x00000000ccc80000)
 Metaspace       used 69415K, committed 70784K, reserved 1114112K
  class space    used 7441K, committed 8064K, reserved 1048576K
}
Event: 44.023 GC heap before
{Heap before GC invocations=241 (full 9):
 PSYoungGen      total 19456K, used 19434K [0x00000000eab00000, 0x00000000ec900000, 0x0000000100000000)
  eden space 13824K, 100% used [0x00000000eab00000,0x00000000eb880000,0x00000000eb880000)
  from space 5632K, 99% used [0x00000000eb880000,0x00000000ebdfa988,0x00000000ebe00000)
  to   space 7680K, 0% used [0x00000000ec180000,0x00000000ec180000,0x00000000ec900000)
 ParOldGen       total 209408K, used 205341K [0x00000000c0000000, 0x00000000ccc80000, 0x00000000eab00000)
  object space 209408K, 98% used [0x00000000c0000000,0x00000000cc887710,0x00000000ccc80000)
 Metaspace       used 69925K, committed 71296K, reserved 1114112K
  class space    used 7500K, committed 8128K, reserved 1048576K
}
Event: 44.038 GC heap after
{Heap after GC invocations=241 (full 9):
 PSYoungGen      total 19456K, used 3959K [0x00000000eab00000, 0x00000000ec580000, 0x0000000100000000)
  eden space 15360K, 0% used [0x00000000eab00000,0x00000000eab00000,0x00000000eba00000)
  from space 4096K, 96% used [0x00000000ec180000,0x00000000ec55df88,0x00000000ec580000)
  to   space 5120K, 0% used [0x00000000ebb80000,0x00000000ebb80000,0x00000000ec080000)
 ParOldGen       total 209408K, used 208654K [0x00000000c0000000, 0x00000000ccc80000, 0x00000000eab00000)
  object space 209408K, 99% used [0x00000000c0000000,0x00000000ccbc3840,0x00000000ccc80000)
 Metaspace       used 69925K, committed 71296K, reserved 1114112K
  class space    used 7500K, committed 8128K, reserved 1048576K
}
Event: 44.038 GC heap before
{Heap before GC invocations=242 (full 10):
 PSYoungGen      total 19456K, used 3959K [0x00000000eab00000, 0x00000000ec580000, 0x0000000100000000)
  eden space 15360K, 0% used [0x00000000eab00000,0x00000000eab00000,0x00000000eba00000)
  from space 4096K, 96% used [0x00000000ec180000,0x00000000ec55df88,0x00000000ec580000)
  to   space 5120K, 0% used [0x00000000ebb80000,0x00000000ebb80000,0x00000000ec080000)
 ParOldGen       total 209408K, used 208654K [0x00000000c0000000, 0x00000000ccc80000, 0x00000000eab00000)
  object space 209408K, 99% used [0x00000000c0000000,0x00000000ccbc3840,0x00000000ccc80000)
 Metaspace       used 69925K, committed 71296K, reserved 1114112K
  class space    used 7500K, committed 8128K, reserved 1048576K
}
Event: 44.275 GC heap after
{Heap after GC invocations=242 (full 10):
 PSYoungGen      total 22016K, used 0K [0x00000000eab00000, 0x00000000ec580000, 0x0000000100000000)
  eden space 16896K, 0% used [0x00000000eab00000,0x00000000eab00000,0x00000000ebb80000)
  from space 5120K, 0% used [0x00000000ebb80000,0x00000000ebb80000,0x00000000ec080000)
  to   space 5120K, 0% used [0x00000000ec080000,0x00000000ec080000,0x00000000ec580000)
 ParOldGen       total 246784K, used 200556K [0x00000000c0000000, 0x00000000cf100000, 0x00000000eab00000)
  object space 246784K, 81% used [0x00000000c0000000,0x00000000cc3db198,0x00000000cf100000)
 Metaspace       used 69925K, committed 71296K, reserved 1114112K
  class space    used 7500K, committed 8128K, reserved 1048576K
}
Event: 44.766 GC heap before
{Heap before GC invocations=243 (full 10):
 PSYoungGen      total 22016K, used 16896K [0x00000000eab00000, 0x00000000ec580000, 0x0000000100000000)
  eden space 16896K, 100% used [0x00000000eab00000,0x00000000ebb80000,0x00000000ebb80000)
  from space 5120K, 0% used [0x00000000ebb80000,0x00000000ebb80000,0x00000000ec080000)
  to   space 5120K, 0% used [0x00000000ec080000,0x00000000ec080000,0x00000000ec580000)
 ParOldGen       total 246784K, used 200556K [0x00000000c0000000, 0x00000000cf100000, 0x00000000eab00000)
  object space 246784K, 81% used [0x00000000c0000000,0x00000000cc3db198,0x00000000cf100000)
 Metaspace       used 69965K, committed 71296K, reserved 1114112K
  class space    used 7507K, committed 8128K, reserved 1048576K
}
Event: 44.770 GC heap after
{Heap after GC invocations=243 (full 10):
 PSYoungGen      total 19456K, used 2420K [0x00000000eab00000, 0x00000000ec300000, 0x0000000100000000)
  eden space 16896K, 0% used [0x00000000eab00000,0x00000000eab00000,0x00000000ebb80000)
  from space 2560K, 94% used [0x00000000ec080000,0x00000000ec2dd140,0x00000000ec300000)
  to   space 3584K, 0% used [0x00000000ebc00000,0x00000000ebc00000,0x00000000ebf80000)
 ParOldGen       total 246784K, used 200556K [0x00000000c0000000, 0x00000000cf100000, 0x00000000eab00000)
  object space 246784K, 81% used [0x00000000c0000000,0x00000000cc3db198,0x00000000cf100000)
 Metaspace       used 69965K, committed 71296K, reserved 1114112K
  class space    used 7507K, committed 8128K, reserved 1048576K
}

Dll operation events (14 events):
Event: 0.104 Loaded shared library c:\Users\ramya\.vscode\extensions\redhat.java-1.31.0-win32-x64\jre\17.0.11-win32-x86_64\bin\java.dll
Event: 0.350 Loaded shared library c:\Users\ramya\.vscode\extensions\redhat.java-1.31.0-win32-x64\jre\17.0.11-win32-x86_64\bin\zip.dll
Event: 0.356 Loaded shared library C:\Users\ramya\.vscode\extensions\redhat.java-1.31.0-win32-x64\jre\17.0.11-win32-x86_64\bin\instrument.dll
Event: 0.382 Loaded shared library C:\Users\ramya\.vscode\extensions\redhat.java-1.31.0-win32-x64\jre\17.0.11-win32-x86_64\bin\net.dll
Event: 0.391 Loaded shared library C:\Users\ramya\.vscode\extensions\redhat.java-1.31.0-win32-x64\jre\17.0.11-win32-x86_64\bin\nio.dll
Event: 0.397 Loaded shared library C:\Users\ramya\.vscode\extensions\redhat.java-1.31.0-win32-x64\jre\17.0.11-win32-x86_64\bin\zip.dll
Event: 0.416 Loaded shared library C:\Users\ramya\.vscode\extensions\redhat.java-1.31.0-win32-x64\jre\17.0.11-win32-x86_64\bin\jimage.dll
Event: 0.504 Loaded shared library c:\Users\ramya\.vscode\extensions\redhat.java-1.31.0-win32-x64\jre\17.0.11-win32-x86_64\bin\verify.dll
Event: 5.368 Loaded shared library C:\Users\ramya\AppData\Roaming\Code\User\globalStorage\redhat.java\1.31.0\config_win\org.eclipse.equinox.launcher\org.eclipse.equinox.launcher.win32.win32.x86_64_1.2.1000.v20240507-1834\eclipse_11902.dll
Event: 11.480 Loaded shared library C:\Users\ramya\.vscode\extensions\redhat.java-1.31.0-win32-x64\jre\17.0.11-win32-x86_64\bin\management.dll
Event: 11.482 Loaded shared library C:\Users\ramya\.vscode\extensions\redhat.java-1.31.0-win32-x64\jre\17.0.11-win32-x86_64\bin\management_ext.dll
Event: 13.838 Loaded shared library C:\Users\ramya\AppData\Local\Temp\jna-108279718\jna3898127121820672483.dll
Event: 15.947 Loaded shared library C:\Users\ramya\.vscode\extensions\redhat.java-1.31.0-win32-x64\jre\17.0.11-win32-x86_64\bin\sunmscapi.dll
Event: 16.808 Loaded shared library C:\Users\ramya\.vscode\extensions\redhat.java-1.31.0-win32-x64\jre\17.0.11-win32-x86_64\bin\extnet.dll

Deoptimization events (20 events):
Event: 43.959 Thread 0x0000011a7ec5f1e0 DEOPT PACKING pc=0x0000011a07d2b684 sp=0x00000006c06fdb20
Event: 43.959 Thread 0x0000011a7ec5f1e0 DEOPT UNPACKING pc=0x0000011a075866a3 sp=0x00000006c06fda50 mode 2
Event: 43.987 Thread 0x0000011a7ec5f1e0 DEOPT PACKING pc=0x0000011a016960fc sp=0x00000006c06fd9a0
Event: 43.988 Thread 0x0000011a7ec5f1e0 DEOPT UNPACKING pc=0x0000011a07586e43 sp=0x00000006c06fcf20 mode 0
Event: 43.998 Thread 0x0000011a7ec5f1e0 DEOPT PACKING pc=0x0000011a01285d9f sp=0x00000006c06fdbb0
Event: 43.998 Thread 0x0000011a7ec5f1e0 DEOPT UNPACKING pc=0x0000011a07586e43 sp=0x00000006c06fd130 mode 0
Event: 44.281 Thread 0x0000011a7ec5f1e0 DEOPT PACKING pc=0x0000011a01285d9f sp=0x00000006c06fdbb0
Event: 44.281 Thread 0x0000011a7ec5f1e0 DEOPT UNPACKING pc=0x0000011a07586e43 sp=0x00000006c06fd130 mode 0
Event: 44.308 Thread 0x0000011a7ec5f1e0 DEOPT PACKING pc=0x0000011a016960fc sp=0x00000006c06fdb50
Event: 44.308 Thread 0x0000011a7ec5f1e0 DEOPT UNPACKING pc=0x0000011a07586e43 sp=0x00000006c06fd0d0 mode 0
Event: 44.342 Thread 0x0000011a7ec61040 Uncommon trap: trap_request=0xffffffde fr.pc=0x0000011a07efa000 relative=0x0000000000002ba0
Event: 44.342 Thread 0x0000011a7ec61040 Uncommon trap: reason=class_check action=maybe_recompile pc=0x0000011a07efa000 method=java.util.stream.SortedOps$SizedRefSortingSink.end()V @ 25 c2
Event: 44.342 Thread 0x0000011a7ec61040 DEOPT PACKING pc=0x0000011a07efa000 sp=0x00000006c05fec40
Event: 44.342 Thread 0x0000011a7ec61040 DEOPT UNPACKING pc=0x0000011a075866a3 sp=0x00000006c05fec90 mode 2
Event: 44.441 Thread 0x0000011a7ec5f1e0 DEOPT PACKING pc=0x0000011a01285d9f sp=0x00000006c06fdd60
Event: 44.441 Thread 0x0000011a7ec5f1e0 DEOPT UNPACKING pc=0x0000011a07586e43 sp=0x00000006c06fd2e0 mode 0
Event: 44.723 Thread 0x0000011a7ec642e0 DEOPT PACKING pc=0x0000011a01443fc6 sp=0x00000006c07fe750
Event: 44.723 Thread 0x0000011a7ec642e0 DEOPT UNPACKING pc=0x0000011a07586e43 sp=0x00000006c07fdbe8 mode 0
Event: 44.830 Thread 0x0000011a7ec5f1e0 DEOPT PACKING pc=0x0000011a01285d9f sp=0x00000006c06fdd60
Event: 44.830 Thread 0x0000011a7ec5f1e0 DEOPT UNPACKING pc=0x0000011a07586e43 sp=0x00000006c06fd2e0 mode 0

Classes unloaded (16 events):
Event: 13.262 Thread 0x0000011a7c7b2930 Unloading class 0x000000010038bc00 'java/lang/invoke/LambdaForm$MH+0x000000010038bc00'
Event: 13.262 Thread 0x0000011a7c7b2930 Unloading class 0x000000010038b000 'java/lang/invoke/LambdaForm$MH+0x000000010038b000'
Event: 13.262 Thread 0x0000011a7c7b2930 Unloading class 0x000000010038a800 'java/lang/invoke/LambdaForm$DMH+0x000000010038a800'
Event: 13.262 Thread 0x0000011a7c7b2930 Unloading class 0x0000000100389c00 'java/lang/invoke/LambdaForm$MH+0x0000000100389c00'
Event: 13.262 Thread 0x0000011a7c7b2930 Unloading class 0x0000000100389400 'java/lang/invoke/LambdaForm$MH+0x0000000100389400'
Event: 13.262 Thread 0x0000011a7c7b2930 Unloading class 0x0000000100245000 'java/lang/invoke/LambdaForm$MH+0x0000000100245000'
Event: 13.262 Thread 0x0000011a7c7b2930 Unloading class 0x0000000100244c00 'java/lang/invoke/LambdaForm$MH+0x0000000100244c00'
Event: 13.262 Thread 0x0000011a7c7b2930 Unloading class 0x0000000100244800 'java/lang/invoke/LambdaForm$MH+0x0000000100244800'
Event: 13.262 Thread 0x0000011a7c7b2930 Unloading class 0x0000000100244400 'java/lang/invoke/LambdaForm$MH+0x0000000100244400'
Event: 13.262 Thread 0x0000011a7c7b2930 Unloading class 0x0000000100244000 'java/lang/invoke/LambdaForm$BMH+0x0000000100244000'
Event: 13.262 Thread 0x0000011a7c7b2930 Unloading class 0x0000000100243c00 'java/lang/invoke/LambdaForm$DMH+0x0000000100243c00'
Event: 13.262 Thread 0x0000011a7c7b2930 Unloading class 0x0000000100240400 'java/lang/invoke/LambdaForm$DMH+0x0000000100240400'
Event: 38.495 Thread 0x0000011a7c7b2930 Unloading class 0x00000001006cd800 'java/lang/invoke/LambdaForm$DMH+0x00000001006cd800'
Event: 38.495 Thread 0x0000011a7c7b2930 Unloading class 0x00000001006cd400 'java/lang/invoke/LambdaForm$DMH+0x00000001006cd400'
Event: 38.495 Thread 0x0000011a7c7b2930 Unloading class 0x00000001006cd000 'java/lang/invoke/LambdaForm$DMH+0x00000001006cd000'
Event: 38.495 Thread 0x0000011a7c7b2930 Unloading class 0x00000001006ccc00 'java/lang/invoke/LambdaForm$DMH+0x00000001006ccc00'

Classes redefined (0 events):
No events

Internal exceptions (20 events):
Event: 43.810 Thread 0x0000011a7ec5ecd0 Exception <a 'sun/nio/fs/WindowsException'{0x00000000eb2c87b0}> (0x00000000eb2c87b0) 
thrown [s\src\hotspot\share\prims\jni.cpp, line 516]
Event: 43.811 Thread 0x0000011a7ec647f0 Exception <a 'sun/nio/fs/WindowsException'{0x00000000eb304150}> (0x00000000eb304150) 
thrown [s\src\hotspot\share\prims\jni.cpp, line 516]
Event: 43.811 Thread 0x0000011a7ec647f0 Exception <a 'sun/nio/fs/WindowsException'{0x00000000eb304c10}> (0x00000000eb304c10) 
thrown [s\src\hotspot\share\prims\jni.cpp, line 516]
Event: 43.814 Thread 0x0000011a7ec647f0 Exception <a 'sun/nio/fs/WindowsException'{0x00000000eb34cc10}> (0x00000000eb34cc10) 
thrown [s\src\hotspot\share\prims\jni.cpp, line 516]
Event: 43.814 Thread 0x0000011a7ec647f0 Exception <a 'sun/nio/fs/WindowsException'{0x00000000eb34d930}> (0x00000000eb34d930) 
thrown [s\src\hotspot\share\prims\jni.cpp, line 516]
Event: 43.817 Thread 0x0000011a7ec647f0 Exception <a 'sun/nio/fs/WindowsException'{0x00000000eb38aac0}> (0x00000000eb38aac0) 
thrown [s\src\hotspot\share\prims\jni.cpp, line 516]
Event: 43.817 Thread 0x0000011a7ec647f0 Exception <a 'sun/nio/fs/WindowsException'{0x00000000eb38b560}> (0x00000000eb38b560) 
thrown [s\src\hotspot\share\prims\jni.cpp, line 516]
Event: 43.828 Thread 0x0000011a7ec5ecd0 Exception <a 'java/lang/NoSuchMethodError'{0x00000000eb4489c0}: 'java.lang.Object java.lang.invoke.DirectMethodHandle$Holder.invokeStatic(java.lang.Object, java.lang.Object, int, java.lang.Object)'> (0x00000000eb4489c0) 
thrown [s\src\hotspot\share\interpreter\linkResolver.cpp, line 759]
Event: 43.882 Thread 0x0000011a7ec647f0 Exception <a 'java/lang/NoSuchMethodError'{0x00000000ead85330}: static Lorg/eclipse/m2e/core/internal/project/registry/MavenProjectFacade$MavenProjectConfiguration;.<clinit>()V> (0x00000000ead85330) 
thrown [s\src\hotspot\share\prims\jni.cpp, line 1112]
Event: 43.884 Thread 0x0000011a7ec647f0 Exception <a 'java/lang/NoSuchMethodError'{0x00000000eadbce00}: static [J.<clinit>()V> (0x00000000eadbce00) 
thrown [s\src\hotspot\share\prims\jni.cpp, line 1112]
Event: 43.928 Thread 0x0000011a7ec5f1e0 Exception <a 'sun/nio/fs/WindowsException'{0x00000000eb262eb8}> (0x00000000eb262eb8) 
thrown [s\src\hotspot\share\prims\jni.cpp, line 516]
Event: 43.929 Thread 0x0000011a7ec5f1e0 Exception <a 'sun/nio/fs/WindowsException'{0x00000000eb2636b0}> (0x00000000eb2636b0) 
thrown [s\src\hotspot\share\prims\jni.cpp, line 516]
Event: 43.929 Thread 0x0000011a7ec5f1e0 Exception <a 'sun/nio/fs/WindowsException'{0x00000000eb264890}> (0x00000000eb264890) 
thrown [s\src\hotspot\share\prims\jni.cpp, line 516]
Event: 43.929 Thread 0x0000011a7ec5f1e0 Exception <a 'sun/nio/fs/WindowsException'{0x00000000eb265088}> (0x00000000eb265088) 
thrown [s\src\hotspot\share\prims\jni.cpp, line 516]
Event: 43.933 Thread 0x0000011a7ec5f1e0 Exception <a 'java/io/FileNotFoundException'{0x00000000eb282210}> (0x00000000eb282210) 
thrown [s\src\hotspot\share\prims\jni.cpp, line 516]
Event: 43.933 Thread 0x0000011a7ec5f1e0 Exception <a 'java/io/FileNotFoundException'{0x00000000eb282f88}> (0x00000000eb282f88) 
thrown [s\src\hotspot\share\prims\jni.cpp, line 516]
Event: 43.951 Thread 0x0000011a7ec5f1e0 Exception <a 'sun/nio/fs/WindowsException'{0x00000000eb36bb30}> (0x00000000eb36bb30) 
thrown [s\src\hotspot\share\prims\jni.cpp, line 516]
Event: 43.951 Thread 0x0000011a7ec5f1e0 Exception <a 'sun/nio/fs/WindowsException'{0x00000000eb36c328}> (0x00000000eb36c328) 
thrown [s\src\hotspot\share\prims\jni.cpp, line 516]
Event: 43.966 Thread 0x0000011a7ec5f1e0 Exception <a 'sun/nio/fs/WindowsException'{0x00000000eb47d1a8}> (0x00000000eb47d1a8) 
thrown [s\src\hotspot\share\prims\jni.cpp, line 516]
Event: 43.966 Thread 0x0000011a7ec5f1e0 Exception <a 'sun/nio/fs/WindowsException'{0x00000000eb47dc48}> (0x00000000eb47dc48) 
thrown [s\src\hotspot\share\prims\jni.cpp, line 516]

VM Operations (20 events):
Event: 43.714 Executing VM operation: ParallelGCFailedAllocation
Event: 43.719 Executing VM operation: ParallelGCFailedAllocation done
Event: 43.776 Executing VM operation: ParallelGCFailedAllocation
Event: 43.781 Executing VM operation: ParallelGCFailedAllocation done
Event: 43.841 Executing VM operation: HandshakeAllThreads
Event: 43.842 Executing VM operation: HandshakeAllThreads done
Event: 43.842 Executing VM operation: HandshakeAllThreads
Event: 43.842 Executing VM operation: HandshakeAllThreads done
Event: 43.843 Executing VM operation: HandshakeAllThreads
Event: 43.843 Executing VM operation: HandshakeAllThreads done
Event: 43.852 Executing VM operation: ParallelGCFailedAllocation
Event: 43.857 Executing VM operation: ParallelGCFailedAllocation done
Event: 43.882 Executing VM operation: HandshakeAllThreads
Event: 43.882 Executing VM operation: HandshakeAllThreads done
Event: 43.923 Executing VM operation: HandshakeAllThreads
Event: 43.923 Executing VM operation: HandshakeAllThreads done
Event: 44.023 Executing VM operation: ParallelGCFailedAllocation
Event: 44.276 Executing VM operation: ParallelGCFailedAllocation done
Event: 44.766 Executing VM operation: ParallelGCFailedAllocation
Event: 44.770 Executing VM operation: ParallelGCFailedAllocation done

Events (20 events):
Event: 43.949 Thread 0x0000011a7c7df350 flushing nmethod 0x0000011a015d4190
Event: 43.949 Thread 0x0000011a7c7df350 flushing nmethod 0x0000011a015d8990
Event: 43.949 Thread 0x0000011a7c7df350 flushing nmethod 0x0000011a015deb10
Event: 43.949 Thread 0x0000011a7c7df350 flushing nmethod 0x0000011a015ef690
Event: 43.949 Thread 0x0000011a7c7df350 flushing nmethod 0x0000011a015efe10
Event: 43.949 Thread 0x0000011a7c7df350 flushing nmethod 0x0000011a0160c690
Event: 43.949 Thread 0x0000011a7c7df350 flushing nmethod 0x0000011a01626010
Event: 43.949 Thread 0x0000011a7c7df350 flushing nmethod 0x0000011a01628490
Event: 43.949 Thread 0x0000011a7c7df350 flushing nmethod 0x0000011a0165b510
Event: 43.950 Thread 0x0000011a7c7df350 flushing nmethod 0x0000011a016d7010
Event: 43.950 Thread 0x0000011a7c7df350 flushing nmethod 0x0000011a016d9990
Event: 43.950 Thread 0x0000011a7c7df350 flushing nmethod 0x0000011a016d9d10
Event: 43.959 Thread 0x0000011a1095ff00 Thread added: 0x0000011a1095ff00
Event: 43.977 loading class java/util/regex/PatternSyntaxException
Event: 43.977 loading class java/util/regex/PatternSyntaxException done
Event: 44.675 Thread 0x0000011a109594b0 Thread added: 0x0000011a109594b0
Event: 44.675 loading class java/util/concurrent/CompletableFuture$UniAccept
Event: 44.675 loading class java/util/concurrent/CompletableFuture$UniAccept done
Event: 44.675 loading class java/util/concurrent/CompletableFuture$UniExceptionally
Event: 44.675 loading class java/util/concurrent/CompletableFuture$UniExceptionally done


Dynamic libraries:
0x00007ff7ffcc0000 - 0x00007ff7ffcce000 	c:\Users\ramya\.vscode\extensions\redhat.java-1.31.0-win32-x64\jre\17.0.11-win32-x86_64\bin\java.exe
0x00007ffb51770000 - 0x00007ffb51987000 	C:\WINDOWS\SYSTEM32\ntdll.dll
0x00007ffb50510000 - 0x00007ffb505d4000 	C:\WINDOWS\System32\KERNEL32.DLL
0x00007ffb4f0d0000 - 0x00007ffb4f47c000 	C:\WINDOWS\System32\KERNELBASE.dll
0x00007ffb4ee70000 - 0x00007ffb4ef81000 	C:\WINDOWS\System32\ucrtbase.dll
0x00007ffb0ab90000 - 0x00007ffb0abab000 	c:\Users\ramya\.vscode\extensions\redhat.java-1.31.0-win32-x64\jre\17.0.11-win32-x86_64\bin\VCRUNTIME140.dll
0x00007ffb24310000 - 0x00007ffb24327000 	c:\Users\ramya\.vscode\extensions\redhat.java-1.31.0-win32-x64\jre\17.0.11-win32-x86_64\bin\jli.dll
0x00007ffb4f880000 - 0x00007ffb4fa2e000 	C:\WINDOWS\System32\USER32.dll
0x00007ffb4f0a0000 - 0x00007ffb4f0c6000 	C:\WINDOWS\System32\win32u.dll
0x00007ffb38aa0000 - 0x00007ffb38d33000 	C:\WINDOWS\WinSxS\amd64_microsoft.windows.common-controls_6595b64144ccf1df_6.0.22621.3672_none_2713b9d173822955\COMCTL32.dll
0x00007ffb4f530000 - 0x00007ffb4f559000 	C:\WINDOWS\System32\GDI32.dll
0x00007ffb4f480000 - 0x00007ffb4f527000 	C:\WINDOWS\System32\msvcrt.dll
0x00007ffb4ec90000 - 0x00007ffb4eda9000 	C:\WINDOWS\System32\gdi32full.dll
0x00007ffb4ef90000 - 0x00007ffb4f02a000 	C:\WINDOWS\System32\msvcp_win.dll
0x00007ffb4f570000 - 0x00007ffb4f5a1000 	C:\WINDOWS\System32\IMM32.DLL
0x00007ffb3adb0000 - 0x00007ffb3adbc000 	c:\Users\ramya\.vscode\extensions\redhat.java-1.31.0-win32-x64\jre\17.0.11-win32-x86_64\bin\vcruntime140_1.dll
0x00007ffaf4f20000 - 0x00007ffaf4fad000 	c:\Users\ramya\.vscode\extensions\redhat.java-1.31.0-win32-x64\jre\17.0.11-win32-x86_64\bin\msvcp140.dll
0x00007ffad04f0000 - 0x00007ffad1152000 	c:\Users\ramya\.vscode\extensions\redhat.java-1.31.0-win32-x64\jre\17.0.11-win32-x86_64\bin\server\jvm.dll
0x00007ffb4f7c0000 - 0x00007ffb4f872000 	C:\WINDOWS\System32\ADVAPI32.dll
0x00007ffb51320000 - 0x00007ffb513ca000 	C:\WINDOWS\System32\sechost.dll
0x00007ffb4ebe0000 - 0x00007ffb4ec08000 	C:\WINDOWS\System32\bcrypt.dll
0x00007ffb4f5b0000 - 0x00007ffb4f6c5000 	C:\WINDOWS\System32\RPCRT4.dll
0x00007ffb4d900000 - 0x00007ffb4d94d000 	C:\WINDOWS\SYSTEM32\POWRPROF.dll
0x00007ffb44730000 - 0x00007ffb4473a000 	C:\WINDOWS\SYSTEM32\VERSION.dll
0x00007ffb46f20000 - 0x00007ffb46f54000 	C:\WINDOWS\SYSTEM32\WINMM.dll
0x00007ffb4b220000 - 0x00007ffb4b229000 	C:\WINDOWS\SYSTEM32\WSOCK32.dll
0x00007ffb4fec0000 - 0x00007ffb4ff31000 	C:\WINDOWS\System32\ws2_32.DLL
0x00007ffb4d8e0000 - 0x00007ffb4d8f3000 	C:\WINDOWS\SYSTEM32\UMPDC.dll
0x00007ffb4db90000 - 0x00007ffb4dba8000 	C:\WINDOWS\SYSTEM32\kernel.appcore.dll
0x00007ffb38890000 - 0x00007ffb3889a000 	c:\Users\ramya\.vscode\extensions\redhat.java-1.31.0-win32-x64\jre\17.0.11-win32-x86_64\bin\jimage.dll
0x00007ffb4cf90000 - 0x00007ffb4d1c2000 	C:\WINDOWS\SYSTEM32\DBGHELP.DLL
0x00007ffb50730000 - 0x00007ffb50ab8000 	C:\WINDOWS\System32\combase.dll
0x00007ffb4f6d0000 - 0x00007ffb4f7a7000 	C:\WINDOWS\System32\OLEAUT32.dll
0x00007ffb39a10000 - 0x00007ffb39a42000 	C:\WINDOWS\SYSTEM32\dbgcore.DLL
0x00007ffb4ec10000 - 0x00007ffb4ec8b000 	C:\WINDOWS\System32\bcryptPrimitives.dll
0x00007ffb37c40000 - 0x00007ffb37c4e000 	c:\Users\ramya\.vscode\extensions\redhat.java-1.31.0-win32-x64\jre\17.0.11-win32-x86_64\bin\instrument.dll
0x00007ffaf96f0000 - 0x00007ffaf9715000 	c:\Users\ramya\.vscode\extensions\redhat.java-1.31.0-win32-x64\jre\17.0.11-win32-x86_64\bin\java.dll
0x00007ffaffa90000 - 0x00007ffaffaa8000 	c:\Users\ramya\.vscode\extensions\redhat.java-1.31.0-win32-x64\jre\17.0.11-win32-x86_64\bin\zip.dll
0x00007ffb50ac0000 - 0x00007ffb5131c000 	C:\WINDOWS\System32\SHELL32.dll
0x00007ffb4c5e0000 - 0x00007ffb4ced7000 	C:\WINDOWS\SYSTEM32\windows.storage.dll
0x00007ffb4c4a0000 - 0x00007ffb4c5df000 	C:\WINDOWS\SYSTEM32\wintypes.dll
0x00007ffb50260000 - 0x00007ffb50354000 	C:\WINDOWS\System32\SHCORE.dll
0x00007ffb51590000 - 0x00007ffb515ee000 	C:\WINDOWS\System32\shlwapi.dll
0x00007ffb4e9a0000 - 0x00007ffb4e9c1000 	C:\WINDOWS\SYSTEM32\profapi.dll
0x00007ffafc7c0000 - 0x00007ffafc7d9000 	C:\Users\ramya\.vscode\extensions\redhat.java-1.31.0-win32-x64\jre\17.0.11-win32-x86_64\bin\net.dll
0x00007ffb464f0000 - 0x00007ffb46626000 	C:\WINDOWS\SYSTEM32\WINHTTP.dll
0x00007ffb4e000000 - 0x00007ffb4e069000 	C:\WINDOWS\system32\mswsock.dll
0x00007ffafb8d0000 - 0x00007ffafb8e6000 	C:\Users\ramya\.vscode\extensions\redhat.java-1.31.0-win32-x64\jre\17.0.11-win32-x86_64\bin\nio.dll
0x00007ffb37b30000 - 0x00007ffb37b40000 	c:\Users\ramya\.vscode\extensions\redhat.java-1.31.0-win32-x64\jre\17.0.11-win32-x86_64\bin\verify.dll
0x00007ffb19c80000 - 0x00007ffb19cc4000 	C:\Users\ramya\AppData\Roaming\Code\User\globalStorage\redhat.java\1.31.0\config_win\org.eclipse.equinox.launcher\org.eclipse.equinox.launcher.win32.win32.x86_64_1.2.1000.v20240507-1834\eclipse_11902.dll
0x00007ffb513e0000 - 0x00007ffb51585000 	C:\WINDOWS\System32\ole32.dll
0x00007ffb49cd0000 - 0x00007ffb49cd9000 	C:\Users\ramya\.vscode\extensions\redhat.java-1.31.0-win32-x64\jre\17.0.11-win32-x86_64\bin\management.dll
0x00007ffb49cc0000 - 0x00007ffb49ccb000 	C:\Users\ramya\.vscode\extensions\redhat.java-1.31.0-win32-x64\jre\17.0.11-win32-x86_64\bin\management_ext.dll
0x00007ffb4f560000 - 0x00007ffb4f568000 	C:\WINDOWS\System32\PSAPI.DLL
0x00007ffb4e270000 - 0x00007ffb4e28b000 	C:\WINDOWS\SYSTEM32\CRYPTSP.dll
0x00007ffb4daf0000 - 0x00007ffb4db25000 	C:\WINDOWS\system32\rsaenh.dll
0x00007ffb4e100000 - 0x00007ffb4e128000 	C:\WINDOWS\SYSTEM32\USERENV.dll
0x00007ffb4e260000 - 0x00007ffb4e26c000 	C:\WINDOWS\SYSTEM32\CRYPTBASE.dll
0x00007ffb4d590000 - 0x00007ffb4d5bd000 	C:\WINDOWS\SYSTEM32\IPHLPAPI.DLL
0x00007ffb4fa30000 - 0x00007ffb4fa39000 	C:\WINDOWS\System32\NSI.dll
0x00007ffb46ce0000 - 0x00007ffb46cf9000 	C:\WINDOWS\SYSTEM32\dhcpcsvc6.DLL
0x00007ffb46340000 - 0x00007ffb4635f000 	C:\WINDOWS\SYSTEM32\dhcpcsvc.DLL
0x00007ffb4d600000 - 0x00007ffb4d6f8000 	C:\WINDOWS\SYSTEM32\DNSAPI.dll
0x00007ffafefa0000 - 0x00007ffafefe5000 	C:\Users\ramya\AppData\Local\Temp\jna-108279718\jna3898127121820672483.dll
0x00007ffb35cf0000 - 0x00007ffb35cfe000 	C:\Users\ramya\.vscode\extensions\redhat.java-1.31.0-win32-x64\jre\17.0.11-win32-x86_64\bin\sunmscapi.dll
0x00007ffb4ea70000 - 0x00007ffb4ebd7000 	C:\WINDOWS\System32\CRYPT32.dll
0x00007ffb4e400000 - 0x00007ffb4e42e000 	C:\WINDOWS\SYSTEM32\ncrypt.dll
0x00007ffb4e3c0000 - 0x00007ffb4e3f7000 	C:\WINDOWS\SYSTEM32\NTASN1.dll
0x00007ffb446e0000 - 0x00007ffb446ea000 	C:\Windows\System32\rasadhlp.dll
0x00007ffb45d90000 - 0x00007ffb45e13000 	C:\WINDOWS\System32\fwpuclnt.dll
0x00007ffb31ed0000 - 0x00007ffb31ed9000 	C:\Users\ramya\.vscode\extensions\redhat.java-1.31.0-win32-x64\jre\17.0.11-win32-x86_64\bin\extnet.dll

dbghelp: loaded successfully - version: 4.0.5 - missing functions: none
symbol engine: initialized successfully - sym options: 0x614 - pdb path: .;c:\Users\ramya\.vscode\extensions\redhat.java-1.31.0-win32-x64\jre\17.0.11-win32-x86_64\bin;C:\WINDOWS\SYSTEM32;C:\WINDOWS\WinSxS\amd64_microsoft.windows.common-controls_6595b64144ccf1df_6.0.22621.3672_none_2713b9d173822955;c:\Users\ramya\.vscode\extensions\redhat.java-1.31.0-win32-x64\jre\17.0.11-win32-x86_64\bin\server;C:\Users\ramya\AppData\Roaming\Code\User\globalStorage\redhat.java\1.31.0\config_win\org.eclipse.equinox.launcher\org.eclipse.equinox.launcher.win32.win32.x86_64_1.2.1000.v20240507-1834;C:\Users\ramya\AppData\Local\Temp\jna-108279718

VM Arguments:
jvm_args: --add-modules=ALL-SYSTEM --add-opens=java.base/java.util=ALL-UNNAMED --add-opens=java.base/java.lang=ALL-UNNAMED --add-opens=java.base/sun.nio.fs=ALL-UNNAMED -Declipse.application=org.eclipse.jdt.ls.core.id1 -Dosgi.bundles.defaultStartLevel=4 -Declipse.product=org.eclipse.jdt.ls.core.product -Djava.import.generatesMetadataFilesAtProjectRoot=false -DDetectVMInstallationsJob.disabled=true -Dfile.encoding=utf8 -XX:+UseParallelGC -XX:GCTimeRatio=4 -XX:AdaptiveSizePolicyWeight=90 -Dsun.zip.disableMemoryMapping=true -Xmx1G -Xms100m -Xlog:disable -javaagent:c:\Users\ramya\.vscode\extensions\redhat.java-1.31.0-win32-x64\lombok\lombok-1.18.32.jar -XX:+HeapDumpOnOutOfMemoryError -XX:HeapDumpPath=c:\Users\ramya\AppData\Roaming\Code\User\workspaceStorage\d69ff1f3eae8de7d1bd6c021bf2ded70\redhat.java -Daether.dependencyCollector.impl=bf 
java_command: c:\Users\ramya\.vscode\extensions\redhat.java-1.31.0-win32-x64\server\plugins\org.eclipse.equinox.launcher_1.6.800.v20240513-1750.jar -configuration c:\Users\ramya\AppData\Roaming\Code\User\globalStorage\redhat.java\1.31.0\config_win -data c:\Users\ramya\AppData\Roaming\Code\User\workspaceStorage\d69ff1f3eae8de7d1bd6c021bf2ded70\redhat.java\jdt_ws --pipe=\\.\pipe\lsp-5fd09889b70fc4b3f8651f3a6ea7a1b9-sock
java_class_path (initial): c:\Users\ramya\.vscode\extensions\redhat.java-1.31.0-win32-x64\server\plugins\org.eclipse.equinox.launcher_1.6.800.v20240513-1750.jar
Launcher Type: SUN_STANDARD

[Global flags]
    uintx AdaptiveSizePolicyWeight                 = 90                                        {product} {command line}
     intx CICompilerCount                          = 4                                         {product} {ergonomic}
    uintx GCTimeRatio                              = 4                                         {product} {command line}
     bool HeapDumpOnOutOfMemoryError               = true                                   {manageable} {command line}
    ccstr HeapDumpPath                             = c:\Users\ramya\AppData\Roaming\Code\User\workspaceStorage\d69ff1f3eae8de7d1bd6c021bf2ded70\redhat.java         {manageable} {command line}
   size_t InitialHeapSize                          = 104857600                                 {product} {command line}
   size_t MaxHeapSize                              = 1073741824                                {product} {command line}
   size_t MaxNewSize                               = 357564416                                 {product} {ergonomic}
   size_t MinHeapDeltaBytes                        = 524288                                    {product} {ergonomic}
   size_t MinHeapSize                              = 104857600                                 {product} {command line}
   size_t NewSize                                  = 34603008                                  {product} {ergonomic}
    uintx NonNMethodCodeHeapSize                   = 5839372                                {pd product} {ergonomic}
    uintx NonProfiledCodeHeapSize                  = 122909434                              {pd product} {ergonomic}
   size_t OldSize                                  = 70254592                                  {product} {ergonomic}
    uintx ProfiledCodeHeapSize                     = 122909434                              {pd product} {ergonomic}
    uintx ReservedCodeCacheSize                    = 251658240                              {pd product} {ergonomic}
     bool SegmentedCodeCache                       = true                                      {product} {ergonomic}
   size_t SoftMaxHeapSize                          = 1073741824                             {manageable} {ergonomic}
     bool UseCompressedClassPointers               = true                           {product lp64_product} {ergonomic}
     bool UseCompressedOops                        = true                           {product lp64_product} {ergonomic}
     bool UseLargePagesIndividualAllocation        = false                                  {pd product} {ergonomic}
     bool UseParallelGC                            = true                                      {product} {command line}

Logging:
Log output configuration:
 #0: stdout all=off uptime,level,tags
 #1: stderr all=off uptime,level,tags

Environment Variables:
JAVA_HOME=C:\Users\ramya\AppData\Local\Programs\Eclipse Adoptium\jdk-17.0.5.8-hotspot\
PATH=C:\Program Files (x86)\Common Files\Oracle\Java\javapath;C:\Program Files\Common Files\Oracle\Java\javapath;C:\windows\system32;C:\windows;C:\windows\System32\Wbem;C:\windows\System32\WindowsPowerShell\v1.0\;C:\windows\System32\OpenSSH\;C:\Program Files (x86)\NVIDIA Corporation\PhysX\Common;C:\Program Files\NVIDIA Corporation\NVIDIA NvDLISR;C:\WINDOWS\system32;C:\WINDOWS;C:\WINDOWS\System32\Wbem;C:\WINDOWS\System32\WindowsPowerShell\v1.0\;C:\WINDOWS\System32\OpenSSH\;C:\ProgramData\chocolatey\bin;C:\Program Files\nodejs\;C:\Program Files\Microsoft SQL Server\Client SDK\ODBC\170\Tools\Binn\;C:\Program Files (x86)\Microsoft SQL Server\150\Tools\Binn\;C:\Program Files\Microsoft SQL Server\150\Tools\Binn\;C:\Program Files\Microsoft SQL Server\150\DTS\Binn\;C:\Program Files\Azure Data Studio\bin;C:\Program Files\nodejs;C:\Program Files (x86)\dotnet\;C:\Program Files\Java\jdk-19\bin;C:\Program Files\Git\cmd;C:\Program Files\MySQL\MySQL Server 8.0\bin;C:\Users\ramya\bin;G:\Insights\Tech\Tech\FullStack\Fullstack\programming\cpp;C:\apache-maven-3.9.6\bin;G:\Insights\Tech\Tech\FullStack\Fullstack\4.DSA_cp\CP\java_cp;C:\Program Files\MySQL\MySQL Shell 8.0\bin\;C:\Users\ramya\AppData\Local\Programs\Eclipse Adoptium\jdk-17.0.5.8-hotspot\bin;C:\Users\ramya\AppData\Local\Programs\Python\Python310\Scripts\;C:\Users\ramya\AppData\Local\Programs\Python\Python310\;C:\Users\ramya\AppData\Local\Microsoft\WindowsApps;C:\Users\ramya\AppData\Roaming\npm;C:\Program Files\Azure Data Studio\bin;C:\Users\ramya\AppData\Local\Programs\Microsoft VS Code\bin;C:\Program Files\nodejs;C:\Users\ramya\AppData\Local\GitHubDesktop\bin;G:\Insights\Tech\Scaler;G:\Insights\Tech\Tech\FullStack\Fullstack\programming\cpp;C:\MinGW\bin;C:\Program Files\JetBrains\IntelliJ IDEA Community Edition 2023.3.3\bin;;C:\Program Files\JetBrains\IntelliJ IDEA 2024.1.3\bin;;C:\Users\ramya\bin;C:\Program Files\Java\jdk-19\bin;C:\Program Files\Java\jdk1.8.0_202\bin;
USERNAME=ramya
OS=Windows_NT
PROCESSOR_IDENTIFIER=Intel64 Family 6 Model 158 Stepping 10, GenuineIntel
TMP=C:\Users\ramya\AppData\Local\Temp
TEMP=C:\Users\ramya\AppData\Local\Temp



Periodic native trim disabled


---------------  S Y S T E M  ---------------

OS:
 Windows 11 , 64 bit Build 22621 (10.0.22621.3672)
OS uptime: 0 days 15:51 hours

CPU: total 8 (initial active 8) (4 cores per cpu, 2 threads per core) family 6 model 158 stepping 10 microcode 0xde, cx8, cmov, fxsr, ht, mmx, 3dnowpref, sse, sse2, sse3, ssse3, sse4.1, sse4.2, popcnt, lzcnt, tsc, tscinvbit, avx, avx2, aes, erms, clmul, bmi1, bmi2, adx, fma, vzeroupper, clflush, clflushopt
Processor Information for all 8 processors :
  Max Mhz: 2304, Current Mhz: 2304, Mhz Limit: 2304

Memory: 4k page, system-wide physical 8000M (109M free)
TotalPageFile size 20288M (AvailPageFile size 12M)
current process WorkingSet (physical memory assigned to process): 489M, peak: 502M
current process commit charge ("private bytes"): 501M, peak: 512M

vm_info: OpenJDK 64-Bit Server VM (17.0.11+9) for windows-amd64 JRE (17.0.11+9), built on Apr 17 2024 06:07:48 by "admin" with MS VC++ 16.10 / 16.11 (VS2019)

END.
